TN:
SF:script/DeployDSC.s.sol
DA:14,18
FN:14,DeployDSC.run
FNDA:18,DeployDSC.run
DA:15,18
DA:16,18
DA:17,18
DA:19,18
DA:20,18
DA:22,18
DA:23,18
DA:24,18
DA:26,18
DA:27,18
DA:29,18
FNF:1
FNH:1
LF:12
LH:12
BRF:0
BRH:0
end_of_record
TN:
SF:script/HelperConfig.s.sol
DA:23,18
FN:23,HelperConfig.constructor
FNDA:18,HelperConfig.constructor
DA:24,18
BRDA:24,0,0,-
BRDA:24,0,1,18
DA:25,0
DA:27,18
DA:31,0
FN:31,HelperConfig.getSepoliaEthConfig
FNDA:0,HelperConfig.getSepoliaEthConfig
DA:32,0
DA:41,18
FN:41,HelperConfig.getOrCreateAnvilEthConfig
FNDA:18,HelperConfig.getOrCreateAnvilEthConfig
DA:42,18
BRDA:42,1,0,-
DA:43,0
DA:46,18
DA:47,18
DA:48,18
DA:50,18
DA:51,18
DA:52,18
DA:54,18
FNF:3
FNH:2
LF:16
LH:12
BRF:3
BRH:1
end_of_record
TN:
SF:src/DSCEngine.sol
DA:87,5
FN:87,DSCEngine.moreThanZero
FNDA:5,DSCEngine.moreThanZero
DA:88,5
BRDA:88,0,0,-
DA:89,0
DA:94,17
FN:94,DSCEngine.isAllowedToken
FNDA:17,DSCEngine.isAllowedToken
DA:95,17
BRDA:95,1,0,1
DA:96,1
DA:104,19
FN:104,DSCEngine.constructor
FNDA:19,DSCEngine.constructor
DA:105,19
BRDA:105,2,0,1
DA:106,1
DA:108,18
DA:109,36
DA:110,36
DA:112,18
DA:126,12
FN:126,DSCEngine.depositCollateralAndMintDsc
FNDA:12,DSCEngine.depositCollateralAndMintDsc
DA:131,12
DA:132,12
DA:136,1
FN:136,DSCEngine.redeemCollateralForDsc
FNDA:1,DSCEngine.redeemCollateralForDsc
DA:139,1
DA:140,1
DA:153,5
FN:153,DSCEngine.liquidate
FNDA:5,DSCEngine.liquidate
DA:158,5
DA:159,5
BRDA:159,3,0,1
DA:160,1
DA:163,4
DA:164,4
BRDA:164,4,0,3
DA:165,3
DA:167,4
DA:169,4
DA:171,4
DA:173,4
DA:174,4
BRDA:174,5,0,2
DA:175,2
DA:178,4
DA:179,4
DA:181,3
DA:182,3
BRDA:182,6,0,1
DA:183,1
DA:187,1
FN:187,DSCEngine.getHealthFactor
FNDA:1,DSCEngine.getHealthFactor
DA:188,1
DA:189,1
DA:190,1
DA:201,6
FN:201,DSCEngine._burnDsc
FNDA:6,DSCEngine._burnDsc
DA:202,6
DA:203,6
BRDA:203,7,0,6
DA:204,5
BRDA:204,8,0,-
DA:205,0
DA:207,1
BRDA:207,7,1,1
DA:208,1
DA:210,5
DA:213,6
FN:213,DSCEngine._redeemCollateral
FNDA:6,DSCEngine._redeemCollateral
DA:217,6
BRDA:217,9,0,-
DA:218,0
DA:220,6
DA:221,6
DA:222,6
DA:223,6
BRDA:223,10,0,-
DA:224,0
DA:229,25
FN:229,DSCEngine._getAccountInformation
FNDA:25,DSCEngine._getAccountInformation
DA:234,25
DA:235,25
DA:239,22
FN:239,DSCEngine._healthFactor
FNDA:22,DSCEngine._healthFactor
DA:240,22
DA:242,22
BRDA:242,11,0,2
DA:243,2
DA:245,20
DA:246,20
DA:249,14
FN:249,DSCEngine._revertIfHealthFactorIsBroken
FNDA:14,DSCEngine._revertIfHealthFactorIsBroken
DA:250,14
DA:251,14
BRDA:251,12,0,-
DA:252,0
DA:259,2
FN:259,DSCEngine.getTokenAmountFromUsd
FNDA:2,DSCEngine.getTokenAmountFromUsd
DA:260,6
DA:261,6
DA:262,6
BRDA:262,13,0,-
DA:263,0
DA:265,6
DA:268,0
FN:268,DSCEngine.getAccountCollaterValue
FNDA:0,DSCEngine.getAccountCollaterValue
DA:269,25
DA:270,25
DA:271,50
DA:272,50
DA:273,50
DA:275,25
DA:278,1
FN:278,DSCEngine.getUsdValue
FNDA:1,DSCEngine.getUsdValue
DA:279,51
DA:280,51
DA:281,51
DA:289,6
FN:289,DSCEngine.depositCollateral
FNDA:6,DSCEngine.depositCollateral
DA:295,16
DA:296,16
DA:297,16
DA:298,16
BRDA:298,14,0,-
DA:299,0
DA:308,0
FN:308,DSCEngine.mintDsc
FNDA:0,DSCEngine.mintDsc
DA:309,12
DA:310,12
DA:311,12
DA:312,12
BRDA:312,15,0,-
DA:313,0
DA:318,2
FN:318,DSCEngine.redeemCollateral
FNDA:2,DSCEngine.redeemCollateral
DA:323,3
BRDA:323,16,0,1
DA:324,1
DA:326,2
DA:327,2
DA:331,2
FN:331,DSCEngine.burnDsc
FNDA:2,DSCEngine.burnDsc
DA:332,3
BRDA:332,17,0,1
DA:333,1
DA:335,2
DA:338,2
FN:338,DSCEngine.getAccountInformation
FNDA:2,DSCEngine.getAccountInformation
DA:343,2
DA:349,4
FN:349,DSCEngine.getOneAccountCollateral
FNDA:4,DSCEngine.getOneAccountCollateral
DA:350,4
DA:353,4
FN:353,DSCEngine.getOneAccountMintedDsc
FNDA:4,DSCEngine.getOneAccountMintedDsc
DA:354,4
FNF:22
FNH:20
LF:114
LH:104
BRF:19
BRH:11
end_of_record
TN:
SF:src/DecentrailzedStableCoin.sol
DA:51,5
FN:51,DecentrailzedStableCoin.burn
FNDA:5,DecentrailzedStableCoin.burn
DA:52,5
DA:53,5
BRDA:53,0,0,-
DA:54,0
DA:56,5
BRDA:56,1,0,-
DA:57,0
DA:59,5
DA:63,0
FN:63,DecentrailzedStableCoin.burnFrom
FNDA:0,DecentrailzedStableCoin.burnFrom
DA:64,0
DA:65,0
BRDA:65,2,0,-
DA:66,0
DA:68,0
BRDA:68,3,0,-
DA:69,0
DA:71,0
DA:75,30
FN:75,DecentrailzedStableCoin.mint
FNDA:30,DecentrailzedStableCoin.mint
DA:76,30
BRDA:76,4,0,-
DA:77,0
DA:79,30
BRDA:79,5,0,-
DA:80,0
DA:82,30
DA:83,30
FNF:3
FNH:2
LF:21
LH:10
BRF:6
BRH:0
end_of_record
TN:
SF:test/mocks/MockV3Aggregator.sol
DA:24,36
FN:24,MockV3Aggregator.constructor
FNDA:36,MockV3Aggregator.constructor
DA:25,36
DA:26,36
DA:29,40
FN:29,MockV3Aggregator.updateAnswer
FNDA:40,MockV3Aggregator.updateAnswer
DA:30,40
DA:31,40
DA:32,40
DA:33,40
DA:34,40
DA:35,40
DA:38,0
FN:38,MockV3Aggregator.updateRoundData
FNDA:0,MockV3Aggregator.updateRoundData
DA:39,0
DA:40,0
DA:41,0
DA:42,0
DA:43,0
DA:44,0
DA:47,0
FN:47,MockV3Aggregator.getRoundData
FNDA:0,MockV3Aggregator.getRoundData
DA:52,0
DA:55,57
FN:55,MockV3Aggregator.latestRoundData
FNDA:57,MockV3Aggregator.latestRoundData
DA:60,57
DA:69,0
FN:69,MockV3Aggregator.description
FNDA:0,MockV3Aggregator.description
DA:70,0
FNF:6
FNH:3
LF:23
LH:12
BRF:0
BRH:0
end_of_record
